<?xml version="1.0" encoding="UTF-8"?>
<testng-results skipped="0" failed="0" ignored="0" total="1" passed="1">
  <reporter-output>
  </reporter-output>
  <suite name="Default suite" duration-ms="2089" started-at="2019-05-26T05:43:45Z" finished-at="2019-05-26T05:43:47Z">
    <groups>
    </groups>
    <test name="Default test" duration-ms="2089" started-at="2019-05-26T05:43:45Z" finished-at="2019-05-26T05:43:47Z">
      <class name="com.rest.authentication.Auth">
        <test-method status="PASS" signature="Setup()[pri:0, instance:com.rest.authentication.Auth@6eebc39e]" name="Setup" is-config="true" duration-ms="90" started-at="2019-05-26T05:43:45Z" finished-at="2019-05-26T05:43:45Z">
          <reporter-output>
          </reporter-output>
        </test-method> <!-- Setup -->
        <test-method status="PASS" signature="Auth()[pri:0, instance:com.rest.authentication.Auth@6eebc39e]" name="Auth" duration-ms="1972" started-at="2019-05-26T05:43:45Z" finished-at="2019-05-26T05:43:47Z">
          <reporter-output>
          </reporter-output>
        </test-method> <!-- Auth -->
      </class> <!-- com.rest.authentication.Auth -->
    </test> <!-- Default test -->
  </suite> <!-- Default suite -->
</testng-results>
